Analysis & Synthesis report for primedle
Fri May 27 11:14:56 2022
Quartus Prime Version 18.1.0 Build 625 09/12/2018 SJ Lite Edition


---------------------
; Table of Contents ;
---------------------
  1. Legal Notice
  2. Analysis & Synthesis Summary
  3. Analysis & Synthesis Settings
  4. Parallel Compilation
  5. Analysis & Synthesis Source Files Read
  6. Analysis & Synthesis Resource Usage Summary
  7. Analysis & Synthesis Resource Utilization by Entity
  8. State Machine - |primedle|game_ctrl:ctrl|s_next_state
  9. Registers Removed During Synthesis
 10. General Register Statistics
 11. Inverted Register Statistics
 12. Multiplexer Restructuring Statistics (Restructuring Performed)
 13. Parameter Settings for User Entity Instance: timed_button:btn|timer:tmr
 14. Post-Synthesis Netlist Statistics for Top Partition
 15. Elapsed Time Per Partition
 16. Analysis & Synthesis Messages



----------------
; Legal Notice ;
----------------
Copyright (C) 2018  Intel Corporation. All rights reserved.
Your use of Intel Corporation's design tools, logic functions 
and other software and tools, and its AMPP partner logic 
functions, and any output files from any of the foregoing 
(including device programming or simulation files), and any 
associated documentation or information are expressly subject 
to the terms and conditions of the Intel Program License 
Subscription Agreement, the Intel Quartus Prime License Agreement,
the Intel FPGA IP License Agreement, or other applicable license
agreement, including, without limitation, that your use is for
the sole purpose of programming logic devices manufactured by
Intel and sold by Intel or its authorized distributors.  Please
refer to the applicable agreement for further details.



+----------------------------------------------------------------------------------+
; Analysis & Synthesis Summary                                                     ;
+------------------------------------+---------------------------------------------+
; Analysis & Synthesis Status        ; Successful - Fri May 27 11:14:56 2022       ;
; Quartus Prime Version              ; 18.1.0 Build 625 09/12/2018 SJ Lite Edition ;
; Revision Name                      ; primedle                                    ;
; Top-level Entity Name              ; primedle                                    ;
; Family                             ; Cyclone IV E                                ;
; Total logic elements               ; 351                                         ;
;     Total combinational functions  ; 283                                         ;
;     Dedicated logic registers      ; 122                                         ;
; Total registers                    ; 122                                         ;
; Total pins                         ; 159                                         ;
; Total virtual pins                 ; 0                                           ;
; Total memory bits                  ; 0                                           ;
; Embedded Multiplier 9-bit elements ; 0                                           ;
; Total PLLs                         ; 0                                           ;
+------------------------------------+---------------------------------------------+


+------------------------------------------------------------------------------------------------------------+
; Analysis & Synthesis Settings                                                                              ;
+------------------------------------------------------------------+--------------------+--------------------+
; Option                                                           ; Setting            ; Default Value      ;
+------------------------------------------------------------------+--------------------+--------------------+
; Device                                                           ; EP4CE30F23C8       ;                    ;
; Top-level entity name                                            ; primedle           ; primedle           ;
; Family name                                                      ; Cyclone IV E       ; Cyclone V          ;
; Use smart compilation                                            ; Off                ; Off                ;
; Enable parallel Assembler and Timing Analyzer during compilation ; On                 ; On                 ;
; Enable compact report table                                      ; Off                ; Off                ;
; Restructure Multiplexers                                         ; Auto               ; Auto               ;
; Create Debugging Nodes for IP Cores                              ; Off                ; Off                ;
; Preserve fewer node names                                        ; On                 ; On                 ;
; Intel FPGA IP Evaluation Mode                                    ; Enable             ; Enable             ;
; Verilog Version                                                  ; Verilog_2001       ; Verilog_2001       ;
; VHDL Version                                                     ; VHDL_1993          ; VHDL_1993          ;
; State Machine Processing                                         ; Auto               ; Auto               ;
; Safe State Machine                                               ; Off                ; Off                ;
; Extract Verilog State Machines                                   ; On                 ; On                 ;
; Extract VHDL State Machines                                      ; On                 ; On                 ;
; Ignore Verilog initial constructs                                ; Off                ; Off                ;
; Iteration limit for constant Verilog loops                       ; 5000               ; 5000               ;
; Iteration limit for non-constant Verilog loops                   ; 250                ; 250                ;
; Add Pass-Through Logic to Inferred RAMs                          ; On                 ; On                 ;
; Infer RAMs from Raw Logic                                        ; On                 ; On                 ;
; Parallel Synthesis                                               ; On                 ; On                 ;
; DSP Block Balancing                                              ; Auto               ; Auto               ;
; NOT Gate Push-Back                                               ; On                 ; On                 ;
; Power-Up Don't Care                                              ; On                 ; On                 ;
; Remove Redundant Logic Cells                                     ; Off                ; Off                ;
; Remove Duplicate Registers                                       ; On                 ; On                 ;
; Ignore CARRY Buffers                                             ; Off                ; Off                ;
; Ignore CASCADE Buffers                                           ; Off                ; Off                ;
; Ignore GLOBAL Buffers                                            ; Off                ; Off                ;
; Ignore ROW GLOBAL Buffers                                        ; Off                ; Off                ;
; Ignore LCELL Buffers                                             ; Off                ; Off                ;
; Ignore SOFT Buffers                                              ; On                 ; On                 ;
; Limit AHDL Integers to 32 Bits                                   ; Off                ; Off                ;
; Optimization Technique                                           ; Balanced           ; Balanced           ;
; Carry Chain Length                                               ; 70                 ; 70                 ;
; Auto Carry Chains                                                ; On                 ; On                 ;
; Auto Open-Drain Pins                                             ; On                 ; On                 ;
; Perform WYSIWYG Primitive Resynthesis                            ; Off                ; Off                ;
; Auto ROM Replacement                                             ; On                 ; On                 ;
; Auto RAM Replacement                                             ; On                 ; On                 ;
; Auto DSP Block Replacement                                       ; On                 ; On                 ;
; Auto Shift Register Replacement                                  ; Auto               ; Auto               ;
; Allow Shift Register Merging across Hierarchies                  ; Auto               ; Auto               ;
; Auto Clock Enable Replacement                                    ; On                 ; On                 ;
; Strict RAM Replacement                                           ; Off                ; Off                ;
; Allow Synchronous Control Signals                                ; On                 ; On                 ;
; Force Use of Synchronous Clear Signals                           ; Off                ; Off                ;
; Auto RAM Block Balancing                                         ; On                 ; On                 ;
; Auto RAM to Logic Cell Conversion                                ; Off                ; Off                ;
; Auto Resource Sharing                                            ; Off                ; Off                ;
; Allow Any RAM Size For Recognition                               ; Off                ; Off                ;
; Allow Any ROM Size For Recognition                               ; Off                ; Off                ;
; Allow Any Shift Register Size For Recognition                    ; Off                ; Off                ;
; Use LogicLock Constraints during Resource Balancing              ; On                 ; On                 ;
; Ignore translate_off and synthesis_off directives                ; Off                ; Off                ;
; Timing-Driven Synthesis                                          ; On                 ; On                 ;
; Report Parameter Settings                                        ; On                 ; On                 ;
; Report Source Assignments                                        ; On                 ; On                 ;
; Report Connectivity Checks                                       ; On                 ; On                 ;
; Ignore Maximum Fan-Out Assignments                               ; Off                ; Off                ;
; Synchronization Register Chain Length                            ; 2                  ; 2                  ;
; Power Optimization During Synthesis                              ; Normal compilation ; Normal compilation ;
; HDL message level                                                ; Level2             ; Level2             ;
; Suppress Register Optimization Related Messages                  ; Off                ; Off                ;
; Number of Removed Registers Reported in Synthesis Report         ; 5000               ; 5000               ;
; Number of Swept Nodes Reported in Synthesis Report               ; 5000               ; 5000               ;
; Number of Inverted Registers Reported in Synthesis Report        ; 100                ; 100                ;
; Clock MUX Protection                                             ; On                 ; On                 ;
; Auto Gated Clock Conversion                                      ; Off                ; Off                ;
; Block Design Naming                                              ; Auto               ; Auto               ;
; SDC constraint protection                                        ; Off                ; Off                ;
; Synthesis Effort                                                 ; Auto               ; Auto               ;
; Shift Register Replacement - Allow Asynchronous Clear Signal     ; On                 ; On                 ;
; Pre-Mapping Resynthesis Optimization                             ; Off                ; Off                ;
; Analysis & Synthesis Message Level                               ; Medium             ; Medium             ;
; Disable Register Merging Across Hierarchies                      ; Auto               ; Auto               ;
; Resource Aware Inference For Block RAM                           ; On                 ; On                 ;
+------------------------------------------------------------------+--------------------+--------------------+


+------------------------------------------+
; Parallel Compilation                     ;
+----------------------------+-------------+
; Processors                 ; Number      ;
+----------------------------+-------------+
; Number detected on machine ; 8           ;
; Maximum allowed            ; 4           ;
;                            ;             ;
; Average used               ; 1.00        ;
; Maximum used               ; 4           ;
;                            ;             ;
; Usage by Processor         ; % Time Used ;
;     Processor 1            ; 100.0%      ;
;     Processor 2            ;   0.0%      ;
;     Processors 3-4         ;   0.0%      ;
+----------------------------+-------------+


+--------------------------------------------------------------------------------------------------------------------------------------------------------------------------+
; Analysis & Synthesis Source Files Read                                                                                                                                   ;
+----------------------------------------+-----------------+-----------------+-----------------------------------------------------------------------------------+---------+
; File Name with User-Entered Path       ; Used in Netlist ; File Type       ; File Name with Absolute Path                                                      ; Library ;
+----------------------------------------+-----------------+-----------------+-----------------------------------------------------------------------------------+---------+
; ../architectures/timer-rtl.vhd         ; yes             ; User VHDL File  ; /home/kreslotim/Documents/FPGA/TP8_9/primedle/architectures/timer-rtl.vhd         ;         ;
; ../architectures/timed_button-rtl.vhd  ; yes             ; User VHDL File  ; /home/kreslotim/Documents/FPGA/TP8_9/primedle/architectures/timed_button-rtl.vhd  ;         ;
; ../architectures/seg_decoder-rtl.vhd   ; yes             ; User VHDL File  ; /home/kreslotim/Documents/FPGA/TP8_9/primedle/architectures/seg_decoder-rtl.vhd   ;         ;
; ../architectures/rand_gen-rtl.vhd      ; yes             ; User VHDL File  ; /home/kreslotim/Documents/FPGA/TP8_9/primedle/architectures/rand_gen-rtl.vhd      ;         ;
; ../architectures/primedle-rtl.vhd      ; yes             ; User VHDL File  ; /home/kreslotim/Documents/FPGA/TP8_9/primedle/architectures/primedle-rtl.vhd      ;         ;
; ../architectures/prime_checker-rtl.vhd ; yes             ; User VHDL File  ; /home/kreslotim/Documents/FPGA/TP8_9/primedle/architectures/prime_checker-rtl.vhd ;         ;
; ../architectures/led_driver-rtl.vhd    ; yes             ; User VHDL File  ; /home/kreslotim/Documents/FPGA/TP8_9/primedle/architectures/led_driver-rtl.vhd    ;         ;
; ../architectures/game_ctrl-rtl.vhd     ; yes             ; User VHDL File  ; /home/kreslotim/Documents/FPGA/TP8_9/primedle/architectures/game_ctrl-rtl.vhd     ;         ;
; ../architectures/debouncer-rtl.vhd     ; yes             ; User VHDL File  ; /home/kreslotim/Documents/FPGA/TP8_9/primedle/architectures/debouncer-rtl.vhd     ;         ;
; ../packages/primes_pkg.vhd             ; yes             ; User VHDL File  ; /home/kreslotim/Documents/FPGA/TP8_9/primedle/packages/primes_pkg.vhd             ;         ;
; ../packages/game_types_pkg.vhd         ; yes             ; User VHDL File  ; /home/kreslotim/Documents/FPGA/TP8_9/primedle/packages/game_types_pkg.vhd         ;         ;
; ../entities/timer-entity.vhd           ; yes             ; User VHDL File  ; /home/kreslotim/Documents/FPGA/TP8_9/primedle/entities/timer-entity.vhd           ;         ;
; ../entities/timed_button-entity.vhd    ; yes             ; User VHDL File  ; /home/kreslotim/Documents/FPGA/TP8_9/primedle/entities/timed_button-entity.vhd    ;         ;
; ../entities/seg_decoder-entity.vhd     ; yes             ; User VHDL File  ; /home/kreslotim/Documents/FPGA/TP8_9/primedle/entities/seg_decoder-entity.vhd     ;         ;
; ../entities/rand_gen-entity.vhd        ; yes             ; User VHDL File  ; /home/kreslotim/Documents/FPGA/TP8_9/primedle/entities/rand_gen-entity.vhd        ;         ;
; ../entities/primedle-entity.vhd        ; yes             ; User VHDL File  ; /home/kreslotim/Documents/FPGA/TP8_9/primedle/entities/primedle-entity.vhd        ;         ;
; ../entities/prime_checker-entity.vhd   ; yes             ; User VHDL File  ; /home/kreslotim/Documents/FPGA/TP8_9/primedle/entities/prime_checker-entity.vhd   ;         ;
; ../entities/led_driver-entity.vhd      ; yes             ; User VHDL File  ; /home/kreslotim/Documents/FPGA/TP8_9/primedle/entities/led_driver-entity.vhd      ;         ;
; ../entities/game_ctrl-entity.vhd       ; yes             ; User VHDL File  ; /home/kreslotim/Documents/FPGA/TP8_9/primedle/entities/game_ctrl-entity.vhd       ;         ;
; ../entities/debouncer-entity.vhd       ; yes             ; User VHDL File  ; /home/kreslotim/Documents/FPGA/TP8_9/primedle/entities/debouncer-entity.vhd       ;         ;
+----------------------------------------+-----------------+-----------------+-----------------------------------------------------------------------------------+---------+


+-------------------------------------------------------------+
; Analysis & Synthesis Resource Usage Summary                 ;
+---------------------------------------------+---------------+
; Resource                                    ; Usage         ;
+---------------------------------------------+---------------+
; Estimated Total logic elements              ; 351           ;
;                                             ;               ;
; Total combinational functions               ; 283           ;
; Logic element usage by number of LUT inputs ;               ;
;     -- 4 input functions                    ; 153           ;
;     -- 3 input functions                    ; 20            ;
;     -- <=2 input functions                  ; 110           ;
;                                             ;               ;
; Logic elements by mode                      ;               ;
;     -- normal mode                          ; 254           ;
;     -- arithmetic mode                      ; 29            ;
;                                             ;               ;
; Total registers                             ; 122           ;
;     -- Dedicated logic registers            ; 122           ;
;     -- I/O registers                        ; 0             ;
;                                             ;               ;
; I/O pins                                    ; 159           ;
;                                             ;               ;
; Embedded Multiplier 9-bit elements          ; 0             ;
;                                             ;               ;
; Maximum fan-out node                        ; n_reset~input ;
; Maximum fan-out                             ; 118           ;
; Total fan-out                               ; 1540          ;
; Average fan-out                             ; 2.13          ;
+---------------------------------------------+---------------+


+---------------------------------------------------------------------------------------------------------------------------------------------------------------------------------------------------------------------------------+
; Analysis & Synthesis Resource Utilization by Entity                                                                                                                                                                             ;
+----------------------------+---------------------+---------------------------+-------------+--------------+---------+-----------+------+--------------+------------------------------------------+---------------+--------------+
; Compilation Hierarchy Node ; Combinational ALUTs ; Dedicated Logic Registers ; Memory Bits ; DSP Elements ; DSP 9x9 ; DSP 18x18 ; Pins ; Virtual Pins ; Full Hierarchy Name                      ; Entity Name   ; Library Name ;
+----------------------------+---------------------+---------------------------+-------------+--------------+---------+-----------+------+--------------+------------------------------------------+---------------+--------------+
; |primedle                  ; 283 (54)            ; 122 (0)                   ; 0           ; 0            ; 0       ; 0         ; 159  ; 0            ; |primedle                                ; primedle      ; work         ;
;    |game_ctrl:ctrl|        ; 52 (52)             ; 79 (79)                   ; 0           ; 0            ; 0       ; 0         ; 0    ; 0            ; |primedle|game_ctrl:ctrl                 ; game_ctrl     ; work         ;
;    |led_driver:led|        ; 72 (72)             ; 0 (0)                     ; 0           ; 0            ; 0       ; 0         ; 0    ; 0            ; |primedle|led_driver:led                 ; led_driver    ; work         ;
;    |prime_checker:checker| ; 18 (18)             ; 2 (2)                     ; 0           ; 0            ; 0       ; 0         ; 0    ; 0            ; |primedle|prime_checker:checker          ; prime_checker ; work         ;
;    |rand_gen:randgen|      ; 12 (12)             ; 12 (12)                   ; 0           ; 0            ; 0       ; 0         ; 0    ; 0            ; |primedle|rand_gen:randgen               ; rand_gen      ; work         ;
;    |seg_decoder:seg0dec|   ; 3 (3)               ; 0 (0)                     ; 0           ; 0            ; 0       ; 0         ; 0    ; 0            ; |primedle|seg_decoder:seg0dec            ; seg_decoder   ; work         ;
;    |seg_decoder:seg1dec|   ; 3 (3)               ; 0 (0)                     ; 0           ; 0            ; 0       ; 0         ; 0    ; 0            ; |primedle|seg_decoder:seg1dec            ; seg_decoder   ; work         ;
;    |seg_decoder:seg2dec|   ; 3 (3)               ; 0 (0)                     ; 0           ; 0            ; 0       ; 0         ; 0    ; 0            ; |primedle|seg_decoder:seg2dec            ; seg_decoder   ; work         ;
;    |seg_decoder:seg3dec|   ; 3 (3)               ; 0 (0)                     ; 0           ; 0            ; 0       ; 0         ; 0    ; 0            ; |primedle|seg_decoder:seg3dec            ; seg_decoder   ; work         ;
;    |timed_button:btn|      ; 63 (0)              ; 29 (0)                    ; 0           ; 0            ; 0       ; 0         ; 0    ; 0            ; |primedle|timed_button:btn               ; timed_button  ; work         ;
;       |debouncer:deb|      ; 5 (5)               ; 4 (4)                     ; 0           ; 0            ; 0       ; 0         ; 0    ; 0            ; |primedle|timed_button:btn|debouncer:deb ; debouncer     ; work         ;
;       |timer:tmr|          ; 58 (58)             ; 25 (25)                   ; 0           ; 0            ; 0       ; 0         ; 0    ; 0            ; |primedle|timed_button:btn|timer:tmr     ; timer         ; work         ;
+----------------------------+---------------------+---------------------------+-------------+--------------+---------+-----------+------+--------------+------------------------------------------+---------------+--------------+
Note: For table entries with two numbers listed, the numbers in parentheses indicate the number of resources of the given type used by the specific entity alone. The numbers listed outside of parentheses indicate the total resources of the given type used by the specific entity and all of its sub-entities in the hierarchy.


Encoding Type:  One-Hot
+-------------------------------------------------------------------------------------------------------+
; State Machine - |primedle|game_ctrl:ctrl|s_next_state                                                 ;
+---------------------+------------------+---------------------+--------------------+-------------------+
; Name                ; s_next_state.FIN ; s_next_state.UPDATE ; s_next_state.CHECK ; s_next_state.IDLE ;
+---------------------+------------------+---------------------+--------------------+-------------------+
; s_next_state.IDLE   ; 0                ; 0                   ; 0                  ; 0                 ;
; s_next_state.CHECK  ; 0                ; 0                   ; 1                  ; 1                 ;
; s_next_state.UPDATE ; 0                ; 1                   ; 0                  ; 1                 ;
; s_next_state.FIN    ; 1                ; 0                   ; 0                  ; 1                 ;
+---------------------+------------------+---------------------+--------------------+-------------------+


+------------------------------------------------------------+
; Registers Removed During Synthesis                         ;
+---------------------------------------+--------------------+
; Register name                         ; Reason for Removal ;
+---------------------------------------+--------------------+
; game_ctrl:ctrl|s_next_state.IDLE      ; Lost fanout        ;
; Total Number of Removed Registers = 1 ;                    ;
+---------------------------------------+--------------------+


+------------------------------------------------------+
; General Register Statistics                          ;
+----------------------------------------------+-------+
; Statistic                                    ; Value ;
+----------------------------------------------+-------+
; Total registers                              ; 122   ;
; Number of registers using Synchronous Clear  ; 0     ;
; Number of registers using Synchronous Load   ; 1     ;
; Number of registers using Asynchronous Clear ; 79    ;
; Number of registers using Asynchronous Load  ; 0     ;
; Number of registers using Clock Enable       ; 72    ;
; Number of registers using Preset             ; 0     ;
+----------------------------------------------+-------+


+--------------------------------------------------+
; Inverted Register Statistics                     ;
+----------------------------------------+---------+
; Inverted Register                      ; Fan out ;
+----------------------------------------+---------+
; game_ctrl:ctrl|LED_en                  ; 73      ;
; Total number of inverted registers = 1 ;         ;
+----------------------------------------+---------+


+------------------------------------------------------------------------------------------------------------------------------------------------------------------------+
; Multiplexer Restructuring Statistics (Restructuring Performed)                                                                                                         ;
+--------------------+-----------+---------------+----------------------+------------------------+------------+----------------------------------------------------------+
; Multiplexer Inputs ; Bus Width ; Baseline Area ; Area if Restructured ; Saving if Restructured ; Registered ; Example Multiplexer Output                               ;
+--------------------+-----------+---------------+----------------------+------------------------+------------+----------------------------------------------------------+
; 3:1                ; 25 bits   ; 50 LEs        ; 50 LEs               ; 0 LEs                  ; Yes        ; |primedle|timed_button:btn|timer:tmr|s_current_state[14] ;
; 55:1               ; 8 bits    ; 288 LEs       ; 288 LEs              ; 0 LEs                  ; No         ; |primedle|golden[7]                                      ;
+--------------------+-----------+---------------+----------------------+------------------------+------------+----------------------------------------------------------+


+-------------------------------------------------------------------------+
; Parameter Settings for User Entity Instance: timed_button:btn|timer:tmr ;
+----------------+----------+---------------------------------------------+
; Parameter Name ; Value    ; Type                                        ;
+----------------+----------+---------------------------------------------+
; fclk           ; 12000000 ; Signed Integer                              ;
+----------------+----------+---------------------------------------------+
Note: In order to hide this table in the UI and the text report file, please set the "Show Parameter Settings in Synthesis Report" option in "Analysis and Synthesis Settings -> More Settings" to "Off".


+-----------------------------------------------------+
; Post-Synthesis Netlist Statistics for Top Partition ;
+-----------------------+-----------------------------+
; Type                  ; Count                       ;
+-----------------------+-----------------------------+
; boundary_port         ; 159                         ;
; cycloneiii_ff         ; 122                         ;
;     CLR               ; 7                           ;
;     ENA CLR           ; 72                          ;
;     SLD               ; 1                           ;
;     plain             ; 42                          ;
; cycloneiii_lcell_comb ; 293                         ;
;     arith             ; 29                          ;
;         2 data inputs ; 29                          ;
;     normal            ; 264                         ;
;         0 data inputs ; 2                           ;
;         1 data inputs ; 10                          ;
;         2 data inputs ; 79                          ;
;         3 data inputs ; 20                          ;
;         4 data inputs ; 153                         ;
;                       ;                             ;
; Max LUT depth         ; 9.00                        ;
; Average LUT depth     ; 3.82                        ;
+-----------------------+-----------------------------+


+-------------------------------+
; Elapsed Time Per Partition    ;
+----------------+--------------+
; Partition Name ; Elapsed Time ;
+----------------+--------------+
; Top            ; 00:00:01     ;
+----------------+--------------+


+-------------------------------+
; Analysis & Synthesis Messages ;
+-------------------------------+
Info: *******************************************************************
Info: Running Quartus Prime Analysis & Synthesis
    Info: Version 18.1.0 Build 625 09/12/2018 SJ Lite Edition
    Info: Processing started: Fri May 27 11:14:45 2022
Info: Command: quartus_map --read_settings_files=on --write_settings_files=off primedle -c primedle
Warning (18236): Number of processors has not been specified which may cause overloading on shared machines.  Set the global assignment NUM_PARALLEL_PROCESSORS in your QSF to an appropriate value for best performance.
Info (20030): Parallel compilation is enabled and will use 4 of the 4 processors detected
Info (12021): Found 1 design units, including 0 entities, in source file /home/kreslotim/Documents/FPGA/TP8_9/primedle/architectures/timer-rtl.vhd
    Info (12022): Found design unit 1: timer-rtl File: /home/kreslotim/Documents/FPGA/TP8_9/primedle/architectures/timer-rtl.vhd Line: 1
Info (12021): Found 1 design units, including 0 entities, in source file /home/kreslotim/Documents/FPGA/TP8_9/primedle/architectures/timed_button-rtl.vhd
    Info (12022): Found design unit 1: timed_button-rtl File: /home/kreslotim/Documents/FPGA/TP8_9/primedle/architectures/timed_button-rtl.vhd Line: 1
Info (12021): Found 1 design units, including 0 entities, in source file /home/kreslotim/Documents/FPGA/TP8_9/primedle/architectures/seg_decoder-rtl.vhd
    Info (12022): Found design unit 1: seg_decoder-rtl File: /home/kreslotim/Documents/FPGA/TP8_9/primedle/architectures/seg_decoder-rtl.vhd Line: 1
Info (12021): Found 1 design units, including 0 entities, in source file /home/kreslotim/Documents/FPGA/TP8_9/primedle/architectures/rand_gen-rtl.vhd
    Info (12022): Found design unit 1: rand_gen-rtl File: /home/kreslotim/Documents/FPGA/TP8_9/primedle/architectures/rand_gen-rtl.vhd Line: 1
Info (12021): Found 1 design units, including 0 entities, in source file /home/kreslotim/Documents/FPGA/TP8_9/primedle/architectures/primedle-rtl.vhd
    Info (12022): Found design unit 1: primedle-rtl File: /home/kreslotim/Documents/FPGA/TP8_9/primedle/architectures/primedle-rtl.vhd Line: 1
Info (12021): Found 1 design units, including 0 entities, in source file /home/kreslotim/Documents/FPGA/TP8_9/primedle/architectures/prime_checker-rtl.vhd
    Info (12022): Found design unit 1: prime_checker-rtl File: /home/kreslotim/Documents/FPGA/TP8_9/primedle/architectures/prime_checker-rtl.vhd Line: 1
Info (12021): Found 1 design units, including 0 entities, in source file /home/kreslotim/Documents/FPGA/TP8_9/primedle/architectures/led_driver-rtl.vhd
    Info (12022): Found design unit 1: led_driver-rtl File: /home/kreslotim/Documents/FPGA/TP8_9/primedle/architectures/led_driver-rtl.vhd Line: 1
Info (12021): Found 1 design units, including 0 entities, in source file /home/kreslotim/Documents/FPGA/TP8_9/primedle/architectures/game_ctrl-rtl.vhd
    Info (12022): Found design unit 1: game_ctrl-rtl File: /home/kreslotim/Documents/FPGA/TP8_9/primedle/architectures/game_ctrl-rtl.vhd Line: 1
Info (12021): Found 1 design units, including 0 entities, in source file /home/kreslotim/Documents/FPGA/TP8_9/primedle/architectures/debouncer-rtl.vhd
    Info (12022): Found design unit 1: debouncer-rtl File: /home/kreslotim/Documents/FPGA/TP8_9/primedle/architectures/debouncer-rtl.vhd Line: 1
Info (12021): Found 2 design units, including 0 entities, in source file /home/kreslotim/Documents/FPGA/TP8_9/primedle/packages/primes_pkg.vhd
    Info (12022): Found design unit 1: primes_pkg File: /home/kreslotim/Documents/FPGA/TP8_9/primedle/packages/primes_pkg.vhd Line: 4
    Info (12022): Found design unit 2: primes_pkg-body File: /home/kreslotim/Documents/FPGA/TP8_9/primedle/packages/primes_pkg.vhd Line: 12
Info (12021): Found 2 design units, including 0 entities, in source file /home/kreslotim/Documents/FPGA/TP8_9/primedle/packages/game_types_pkg.vhd
    Info (12022): Found design unit 1: game_types_pkg File: /home/kreslotim/Documents/FPGA/TP8_9/primedle/packages/game_types_pkg.vhd Line: 4
    Info (12022): Found design unit 2: game_types_pkg-body File: /home/kreslotim/Documents/FPGA/TP8_9/primedle/packages/game_types_pkg.vhd Line: 20
Info (12021): Found 1 design units, including 1 entities, in source file /home/kreslotim/Documents/FPGA/TP8_9/primedle/entities/timer-entity.vhd
    Info (12023): Found entity 1: timer File: /home/kreslotim/Documents/FPGA/TP8_9/primedle/entities/timer-entity.vhd Line: 6
Info (12021): Found 1 design units, including 1 entities, in source file /home/kreslotim/Documents/FPGA/TP8_9/primedle/entities/timed_button-entity.vhd
    Info (12023): Found entity 1: timed_button File: /home/kreslotim/Documents/FPGA/TP8_9/primedle/entities/timed_button-entity.vhd Line: 6
Info (12021): Found 1 design units, including 1 entities, in source file /home/kreslotim/Documents/FPGA/TP8_9/primedle/entities/seg_decoder-entity.vhd
    Info (12023): Found entity 1: seg_decoder File: /home/kreslotim/Documents/FPGA/TP8_9/primedle/entities/seg_decoder-entity.vhd Line: 5
Info (12021): Found 1 design units, including 1 entities, in source file /home/kreslotim/Documents/FPGA/TP8_9/primedle/entities/rand_gen-entity.vhd
    Info (12023): Found entity 1: rand_gen File: /home/kreslotim/Documents/FPGA/TP8_9/primedle/entities/rand_gen-entity.vhd Line: 7
Info (12021): Found 1 design units, including 1 entities, in source file /home/kreslotim/Documents/FPGA/TP8_9/primedle/entities/primedle-entity.vhd
    Info (12023): Found entity 1: primedle File: /home/kreslotim/Documents/FPGA/TP8_9/primedle/entities/primedle-entity.vhd Line: 6
Info (12021): Found 1 design units, including 1 entities, in source file /home/kreslotim/Documents/FPGA/TP8_9/primedle/entities/prime_checker-entity.vhd
    Info (12023): Found entity 1: prime_checker File: /home/kreslotim/Documents/FPGA/TP8_9/primedle/entities/prime_checker-entity.vhd Line: 7
Info (12021): Found 1 design units, including 1 entities, in source file /home/kreslotim/Documents/FPGA/TP8_9/primedle/entities/led_driver-entity.vhd
    Info (12023): Found entity 1: led_driver File: /home/kreslotim/Documents/FPGA/TP8_9/primedle/entities/led_driver-entity.vhd Line: 6
Info (12021): Found 1 design units, including 1 entities, in source file /home/kreslotim/Documents/FPGA/TP8_9/primedle/entities/game_ctrl-entity.vhd
    Info (12023): Found entity 1: game_ctrl File: /home/kreslotim/Documents/FPGA/TP8_9/primedle/entities/game_ctrl-entity.vhd Line: 7
Info (12021): Found 1 design units, including 1 entities, in source file /home/kreslotim/Documents/FPGA/TP8_9/primedle/entities/debouncer-entity.vhd
    Info (12023): Found entity 1: debouncer File: /home/kreslotim/Documents/FPGA/TP8_9/primedle/entities/debouncer-entity.vhd Line: 5
Info (12127): Elaborating entity "primedle" for the top level hierarchy
Info (10008): Verilog HDL or VHDL information: EDA Netlist Writer cannot regroup multidimensional array "game_records" into its bus
Info (12129): Elaborating entity "rand_gen" using architecture "A:rtl" for hierarchy "rand_gen:randgen" File: /home/kreslotim/Documents/FPGA/TP8_9/primedle/architectures/primedle-rtl.vhd Line: 17
Info (12129): Elaborating entity "timed_button" using architecture "A:rtl" for hierarchy "timed_button:btn" File: /home/kreslotim/Documents/FPGA/TP8_9/primedle/architectures/primedle-rtl.vhd Line: 25
Info (12129): Elaborating entity "timer" using architecture "A:rtl" for hierarchy "timed_button:btn|timer:tmr" File: /home/kreslotim/Documents/FPGA/TP8_9/primedle/architectures/timed_button-rtl.vhd Line: 4
Info (12129): Elaborating entity "debouncer" using architecture "A:rtl" for hierarchy "timed_button:btn|debouncer:deb" File: /home/kreslotim/Documents/FPGA/TP8_9/primedle/architectures/timed_button-rtl.vhd Line: 9
Info (12129): Elaborating entity "prime_checker" using architecture "A:rtl" for hierarchy "prime_checker:checker" File: /home/kreslotim/Documents/FPGA/TP8_9/primedle/architectures/primedle-rtl.vhd Line: 32
Info (12129): Elaborating entity "game_ctrl" using architecture "A:rtl" for hierarchy "game_ctrl:ctrl" File: /home/kreslotim/Documents/FPGA/TP8_9/primedle/architectures/primedle-rtl.vhd Line: 41
Info (10008): Verilog HDL or VHDL information: EDA Netlist Writer cannot regroup multidimensional array "game_records" into its bus
Info (10008): Verilog HDL or VHDL information: EDA Netlist Writer cannot regroup multidimensional array "game_records" into its bus
Info (12129): Elaborating entity "seg_decoder" using architecture "A:rtl" for hierarchy "seg_decoder:seg3dec" File: /home/kreslotim/Documents/FPGA/TP8_9/primedle/architectures/primedle-rtl.vhd Line: 58
Info (12129): Elaborating entity "led_driver" using architecture "A:rtl" for hierarchy "led_driver:led" File: /home/kreslotim/Documents/FPGA/TP8_9/primedle/architectures/primedle-rtl.vhd Line: 72
Info (10008): Verilog HDL or VHDL information: EDA Netlist Writer cannot regroup multidimensional array "game_records" into its bus
Info (10008): Verilog HDL or VHDL information: EDA Netlist Writer cannot regroup multidimensional array "game_records" into its bus
Info (13000): Registers with preset signals will power-up high File: /home/kreslotim/Documents/FPGA/TP8_9/primedle/entities/game_ctrl-entity.vhd Line: 18
Info (13003): DEV_CLRn pin will set, and not reset, register with preset signal due to NOT Gate Push-Back
Warning (13004): Presettable and clearable registers converted to equivalent circuits with latches. Registers power-up to an undefined state, and DEVCLRn places the registers in an undefined state.
    Warning (13310): Register "game_ctrl:ctrl|rejected" is converted into an equivalent circuit using register "game_ctrl:ctrl|rejected~_emulated" and latch "game_ctrl:ctrl|rejected~1" File: /home/kreslotim/Documents/FPGA/TP8_9/primedle/entities/game_ctrl-entity.vhd Line: 17
Warning (13024): Output pins are stuck at VCC or GND
    Warning (13410): Pin "seg3[7]" is stuck at GND File: /home/kreslotim/Documents/FPGA/TP8_9/primedle/entities/primedle-entity.vhd Line: 12
    Warning (13410): Pin "seg3[1]" is stuck at VCC File: /home/kreslotim/Documents/FPGA/TP8_9/primedle/entities/primedle-entity.vhd Line: 12
    Warning (13410): Pin "seg2[7]" is stuck at GND File: /home/kreslotim/Documents/FPGA/TP8_9/primedle/entities/primedle-entity.vhd Line: 13
    Warning (13410): Pin "seg2[1]" is stuck at VCC File: /home/kreslotim/Documents/FPGA/TP8_9/primedle/entities/primedle-entity.vhd Line: 13
    Warning (13410): Pin "seg1[7]" is stuck at GND File: /home/kreslotim/Documents/FPGA/TP8_9/primedle/entities/primedle-entity.vhd Line: 14
    Warning (13410): Pin "seg1[1]" is stuck at VCC File: /home/kreslotim/Documents/FPGA/TP8_9/primedle/entities/primedle-entity.vhd Line: 14
    Warning (13410): Pin "seg0[7]" is stuck at GND File: /home/kreslotim/Documents/FPGA/TP8_9/primedle/entities/primedle-entity.vhd Line: 15
    Warning (13410): Pin "seg0[1]" is stuck at VCC File: /home/kreslotim/Documents/FPGA/TP8_9/primedle/entities/primedle-entity.vhd Line: 15
    Warning (13410): Pin "led_array[106]" is stuck at GND File: /home/kreslotim/Documents/FPGA/TP8_9/primedle/entities/primedle-entity.vhd Line: 16
    Warning (13410): Pin "led_array[95]" is stuck at GND File: /home/kreslotim/Documents/FPGA/TP8_9/primedle/entities/primedle-entity.vhd Line: 16
    Warning (13410): Pin "led_array[94]" is stuck at GND File: /home/kreslotim/Documents/FPGA/TP8_9/primedle/entities/primedle-entity.vhd Line: 16
    Warning (13410): Pin "led_array[82]" is stuck at GND File: /home/kreslotim/Documents/FPGA/TP8_9/primedle/entities/primedle-entity.vhd Line: 16
    Warning (13410): Pin "led_array[71]" is stuck at GND File: /home/kreslotim/Documents/FPGA/TP8_9/primedle/entities/primedle-entity.vhd Line: 16
    Warning (13410): Pin "led_array[70]" is stuck at GND File: /home/kreslotim/Documents/FPGA/TP8_9/primedle/entities/primedle-entity.vhd Line: 16
    Warning (13410): Pin "led_array[69]" is stuck at GND File: /home/kreslotim/Documents/FPGA/TP8_9/primedle/entities/primedle-entity.vhd Line: 16
    Warning (13410): Pin "led_array[68]" is stuck at GND File: /home/kreslotim/Documents/FPGA/TP8_9/primedle/entities/primedle-entity.vhd Line: 16
    Warning (13410): Pin "led_array[67]" is stuck at GND File: /home/kreslotim/Documents/FPGA/TP8_9/primedle/entities/primedle-entity.vhd Line: 16
    Warning (13410): Pin "led_array[66]" is stuck at GND File: /home/kreslotim/Documents/FPGA/TP8_9/primedle/entities/primedle-entity.vhd Line: 16
    Warning (13410): Pin "led_array[65]" is stuck at GND File: /home/kreslotim/Documents/FPGA/TP8_9/primedle/entities/primedle-entity.vhd Line: 16
    Warning (13410): Pin "led_array[64]" is stuck at GND File: /home/kreslotim/Documents/FPGA/TP8_9/primedle/entities/primedle-entity.vhd Line: 16
    Warning (13410): Pin "led_array[63]" is stuck at GND File: /home/kreslotim/Documents/FPGA/TP8_9/primedle/entities/primedle-entity.vhd Line: 16
    Warning (13410): Pin "led_array[62]" is stuck at GND File: /home/kreslotim/Documents/FPGA/TP8_9/primedle/entities/primedle-entity.vhd Line: 16
    Warning (13410): Pin "led_array[61]" is stuck at GND File: /home/kreslotim/Documents/FPGA/TP8_9/primedle/entities/primedle-entity.vhd Line: 16
    Warning (13410): Pin "led_array[60]" is stuck at GND File: /home/kreslotim/Documents/FPGA/TP8_9/primedle/entities/primedle-entity.vhd Line: 16
    Warning (13410): Pin "led_array[59]" is stuck at GND File: /home/kreslotim/Documents/FPGA/TP8_9/primedle/entities/primedle-entity.vhd Line: 16
    Warning (13410): Pin "led_array[56]" is stuck at GND File: /home/kreslotim/Documents/FPGA/TP8_9/primedle/entities/primedle-entity.vhd Line: 16
    Warning (13410): Pin "led_array[53]" is stuck at GND File: /home/kreslotim/Documents/FPGA/TP8_9/primedle/entities/primedle-entity.vhd Line: 16
    Warning (13410): Pin "led_array[50]" is stuck at GND File: /home/kreslotim/Documents/FPGA/TP8_9/primedle/entities/primedle-entity.vhd Line: 16
    Warning (13410): Pin "led_array[47]" is stuck at GND File: /home/kreslotim/Documents/FPGA/TP8_9/primedle/entities/primedle-entity.vhd Line: 16
    Warning (13410): Pin "led_array[44]" is stuck at GND File: /home/kreslotim/Documents/FPGA/TP8_9/primedle/entities/primedle-entity.vhd Line: 16
    Warning (13410): Pin "led_array[41]" is stuck at GND File: /home/kreslotim/Documents/FPGA/TP8_9/primedle/entities/primedle-entity.vhd Line: 16
    Warning (13410): Pin "led_array[38]" is stuck at GND File: /home/kreslotim/Documents/FPGA/TP8_9/primedle/entities/primedle-entity.vhd Line: 16
    Warning (13410): Pin "led_array[35]" is stuck at GND File: /home/kreslotim/Documents/FPGA/TP8_9/primedle/entities/primedle-entity.vhd Line: 16
    Warning (13410): Pin "led_array[32]" is stuck at GND File: /home/kreslotim/Documents/FPGA/TP8_9/primedle/entities/primedle-entity.vhd Line: 16
    Warning (13410): Pin "led_array[29]" is stuck at GND File: /home/kreslotim/Documents/FPGA/TP8_9/primedle/entities/primedle-entity.vhd Line: 16
    Warning (13410): Pin "led_array[26]" is stuck at GND File: /home/kreslotim/Documents/FPGA/TP8_9/primedle/entities/primedle-entity.vhd Line: 16
    Warning (13410): Pin "led_array[23]" is stuck at GND File: /home/kreslotim/Documents/FPGA/TP8_9/primedle/entities/primedle-entity.vhd Line: 16
    Warning (13410): Pin "led_array[20]" is stuck at GND File: /home/kreslotim/Documents/FPGA/TP8_9/primedle/entities/primedle-entity.vhd Line: 16
    Warning (13410): Pin "led_array[17]" is stuck at GND File: /home/kreslotim/Documents/FPGA/TP8_9/primedle/entities/primedle-entity.vhd Line: 16
    Warning (13410): Pin "led_array[14]" is stuck at GND File: /home/kreslotim/Documents/FPGA/TP8_9/primedle/entities/primedle-entity.vhd Line: 16
    Warning (13410): Pin "led_array[11]" is stuck at GND File: /home/kreslotim/Documents/FPGA/TP8_9/primedle/entities/primedle-entity.vhd Line: 16
    Warning (13410): Pin "led_array[8]" is stuck at GND File: /home/kreslotim/Documents/FPGA/TP8_9/primedle/entities/primedle-entity.vhd Line: 16
    Warning (13410): Pin "led_array[5]" is stuck at GND File: /home/kreslotim/Documents/FPGA/TP8_9/primedle/entities/primedle-entity.vhd Line: 16
    Warning (13410): Pin "led_array[2]" is stuck at GND File: /home/kreslotim/Documents/FPGA/TP8_9/primedle/entities/primedle-entity.vhd Line: 16
Info (286030): Timing-Driven Synthesis is running
Info (17049): 1 registers lost all their fanouts during netlist optimizations.
Info (16010): Generating hard_block partition "hard_block:auto_generated_inst"
    Info (16011): Adding 0 node(s), including 0 DDIO, 0 PLL, 0 transceiver and 0 LCELL
Info (21057): Implemented 520 device resources after synthesis - the final resource count might be different
    Info (21058): Implemented 19 input pins
    Info (21059): Implemented 140 output pins
    Info (21061): Implemented 361 logic cells
Info: Quartus Prime Analysis & Synthesis was successful. 0 errors, 48 warnings
    Info: Peak virtual memory: 1028 megabytes
    Info: Processing ended: Fri May 27 11:14:56 2022
    Info: Elapsed time: 00:00:11
    Info: Total CPU time (on all processors): 00:00:26


